<?xml version="1.0" encoding="UTF-8"?>
<!-- Generated by org.testng.reporters.JUnitReportReporter -->
<testsuite skipped="0" hostname="Dell" name="grid.Leaftaps" tests="1" failures="0" timestamp="08 Jul 2018 10:44:52 GMT" time="23.993" errors="0">
  <testcase name="login" time="23.993" classname="grid.Leaftaps"/>
</testsuite> <!-- grid.Leaftaps -->
