<?xml version="1.0" encoding="UTF-8"?>
<!-- Generated by org.testng.reporters.JUnitReportReporter -->
<testsuite skipped="0" hostname="Dell" name="test.CreateLead_Dup" tests="1" failures="0" timestamp="01 Jul 2018 07:48:03 GMT" time="37.266" errors="0">
  <testcase name="createLead" time="37.266" classname="test.CreateLead_Dup"/>
</testsuite> <!-- test.CreateLead_Dup -->
