<?xml version="1.0" encoding="UTF-8"?>
<!-- Generated by org.testng.reporters.JUnitReportReporter -->
<testsuite skipped="0" hostname="Dell" name="tests.FlipkartLowest" tests="1" failures="0" timestamp="17 Jun 2018 13:24:44 GMT" time="23.334" errors="0">
  <testcase name="flipkartLowest" time="23.334" classname="tests.FlipkartLowest"/>
</testsuite> <!-- tests.FlipkartLowest -->
