<?xml version="1.0" encoding="UTF-8"?>
<!-- Generated by org.testng.reporters.JUnitReportReporter -->
<testsuite skipped="0" hostname="Dell" name="leaf.leads.EditLead" tests="1" failures="0" timestamp="30 Jun 2018 15:38:34 GMT" time="48.631" errors="0">
  <testcase name="editLead" time="48.631" classname="leaf.leads.EditLead"/>
</testsuite> <!-- leaf.leads.EditLead -->
