<?xml version="1.0" encoding="UTF-8"?>
<!-- Generated by org.testng.reporters.JUnitReportReporter -->
<testsuite skipped="0" hostname="Dell" name="leaf.leads.DeleteLead" tests="1" failures="0" timestamp="30 Jun 2018 15:38:34 GMT" time="44.540" errors="0">
  <testcase name="deleteLead" time="44.540" classname="leaf.leads.DeleteLead"/>
</testsuite> <!-- leaf.leads.DeleteLead -->
