<?xml version="1.0" encoding="UTF-8"?>
<!-- Generated by org.testng.reporters.JUnitReportReporter -->
<testsuite skipped="0" hostname="Dell" name="tests.DeleteLead" tests="1" failures="0" timestamp="23 Jun 2018 12:32:36 GMT" time="43.437" errors="0">
  <testcase name="deleteLead" time="43.437" classname="tests.DeleteLead"/>
</testsuite> <!-- tests.DeleteLead -->
