<?xml version="1.0" encoding="UTF-8"?>
<!-- Generated by org.testng.reporters.JUnitReportReporter -->
<testsuite skipped="0" hostname="Dell" name="leaf.leads.CreateLead" tests="1" failures="0" timestamp="30 Jun 2018 15:38:34 GMT" time="37.953" errors="0">
  <testcase name="createLead" time="37.953" classname="leaf.leads.CreateLead"/>
</testsuite> <!-- leaf.leads.CreateLead -->
