<?xml version="1.0" encoding="UTF-8"?>
<!-- Generated by org.testng.reporters.JUnitReportReporter -->
<testsuite skipped="0" hostname="Dell" name="leaf.leads.MergeLead" tests="1" failures="0" timestamp="30 Jun 2018 15:38:34 GMT" time="52.882" errors="0">
  <testcase name="mergeLead" time="52.882" classname="leaf.leads.MergeLead"/>
</testsuite> <!-- leaf.leads.MergeLead -->
