<?xml version="1.0" encoding="UTF-8"?>
<!-- Generated by org.testng.reporters.JUnitReportReporter -->
<testsuite skipped="0" hostname="Dell" name="tests.MergeLeads" tests="1" failures="0" timestamp="23 Jun 2018 12:32:36 GMT" time="34.993" errors="0">
  <testcase name="mergeLeads" time="34.993" classname="tests.MergeLeads"/>
</testsuite> <!-- tests.MergeLeads -->
