<?xml version="1.0" encoding="UTF-8"?>
<!-- Generated by org.testng.reporters.JUnitReportReporter -->
<testsuite skipped="0" hostname="Dell" name="tests.DuplicateLead" tests="1" failures="0" timestamp="16 Jun 2018 11:14:32 GMT" time="27.231" errors="0">
  <testcase name="DuplicateLead" time="27.231" classname="tests.DuplicateLead"/>
</testsuite> <!-- tests.DuplicateLead -->
