<?xml version="1.0" encoding="UTF-8"?>
<!-- Generated by org.testng.reporters.JUnitReportReporter -->
<testsuite skipped="0" hostname="Dell" name="grid.JqueryUi" tests="1" failures="0" timestamp="08 Jul 2018 10:44:52 GMT" time="13.083" errors="0">
  <testcase name="frame" time="13.083" classname="grid.JqueryUi"/>
</testsuite> <!-- grid.JqueryUi -->
