<?xml version="1.0" encoding="UTF-8"?>
<!-- Generated by org.testng.reporters.JUnitReportReporter -->
<testsuite skipped="0" hostname="Dell" name="test.CreateLead" tests="1" failures="0" timestamp="01 Jul 2018 17:10:57 GMT" time="31.232" errors="0">
  <testcase name="createLead" time="31.232" classname="test.CreateLead"/>
</testsuite> <!-- test.CreateLead -->
