<?xml version="1.0" encoding="UTF-8"?>
<!-- Generated by org.testng.reporters.JUnitReportReporter -->
<testsuite skipped="0" hostname="Dell" name="tests.CreateAccount" tests="1" failures="0" timestamp="17 Jun 2018 10:28:54 GMT" time="45.362" errors="0">
  <testcase name="createAccount" time="45.362" classname="tests.CreateAccount"/>
</testsuite> <!-- tests.CreateAccount -->
